0 info it worked if it ends with ok
1 verbose cli [ 'C:\\Program Files\\nodejs\\\\node.exe',
1 verbose cli   'C:\\Program Files\\nodejs\\node_modules\\npm\\bin\\npm-cli.js',
1 verbose cli   '--userconfig=C:\\Users\\17173\\.cnpmrc',
1 verbose cli   '--disturl=http://dist.u.qiniudn.com',
1 verbose cli   '--cache=C:\\Users\\17173\\.npm\\.cache\\cnpm',
1 verbose cli   '--registry=http://registry.cnpmjs.org',
1 verbose cli   'install',
1 verbose cli   'yuan',
1 verbose cli   '-g' ]
2 info using npm@1.2.14
3 info using node@v0.10.0
4 verbose node symlink C:\Program Files\nodejs\\node.exe
5 verbose read json C:\Users\17173\AppData\Roaming\npm\package.json
6 verbose read json C:\Users\17173\AppData\Roaming\npm\package.json
7 verbose cache add [ 'yuan', null ]
8 verbose cache add name=undefined spec="yuan" args=["yuan",null]
9 verbose parsed url { protocol: null,
9 verbose parsed url   slashes: null,
9 verbose parsed url   auth: null,
9 verbose parsed url   host: null,
9 verbose parsed url   port: null,
9 verbose parsed url   hostname: null,
9 verbose parsed url   hash: null,
9 verbose parsed url   search: null,
9 verbose parsed url   query: null,
9 verbose parsed url   pathname: 'yuan',
9 verbose parsed url   path: 'yuan',
9 verbose parsed url   href: 'yuan' }
10 silly lockFile 35015dd2-yuan yuan
11 verbose lock yuan C:\Users\17173\.npm\.cache\cnpm\35015dd2-yuan.lock
12 silly lockFile 35015dd2-yuan yuan
13 silly lockFile 35015dd2-yuan yuan
14 verbose addNamed [ 'yuan', '' ]
15 verbose addNamed [ null, '' ]
16 silly lockFile 7b59b3ac-yuan yuan@
17 verbose lock yuan@ C:\Users\17173\.npm\.cache\cnpm\7b59b3ac-yuan.lock
18 silly addNameRange { name: 'yuan', range: '', hasData: false }
19 verbose url raw yuan
20 verbose url resolving [ 'http://registry.cnpmjs.org/', './yuan' ]
21 verbose url resolved http://registry.cnpmjs.org/yuan
22 info trying registry request attempt 1 at 16:19:45
23 http GET http://registry.cnpmjs.org/yuan
24 http 404 http://registry.cnpmjs.org/yuan
25 silly registry.get cb [ 404,
25 silly registry.get   { server: 'nginx/1.4.1 (Ubuntu)',
25 silly registry.get     date: 'Tue, 04 Mar 2014 08:20:40 GMT',
25 silly registry.get     'content-type': 'application/json',
25 silly registry.get     'content-length': '51',
25 silly registry.get     connection: 'keep-alive',
25 silly registry.get     'x-powered-by': 'koa',
25 silly registry.get     'set-cookie': [ 'AuthSession=cjlxMB4EJwGwBrg6NAlMUyV9; path=/; expires=Wed, 04 Mar 2015 08:20:40 GMT; httponly' ],
25 silly registry.get     'x-readtime': '6' } ]
26 silly lockFile 7b59b3ac-yuan yuan@
27 silly lockFile 7b59b3ac-yuan yuan@
28 error 404 'yuan' is not in the npm registry.
28 error 404 You should bug the author to publish it
28 error 404
28 error 404 Note that you can also install from a
28 error 404 tarball, folder, or http url, or git url.
29 error System Windows_NT 6.1.7601
30 error command "C:\\Program Files\\nodejs\\\\node.exe" "C:\\Program Files\\nodejs\\node_modules\\npm\\bin\\npm-cli.js" "--userconfig=C:\\Users\\17173\\.cnpmrc" "--disturl=http://dist.u.qiniudn.com" "--cache=C:\\Users\\17173\\.npm\\.cache\\cnpm" "--registry=http://registry.cnpmjs.org" "install" "yuan" "-g"
31 error cwd E:\githubProject\ztree
32 error node -v v0.10.0
33 error npm -v 1.2.14
34 error code E404
35 verbose exit [ 1, true ]
